The system is: Windows - 10.0.18362 - AMD64
Compiling the C compiler identification source file "CMakeCCompilerId.c" succeeded.
Compiler:  
Build flags: 
Id flags:  

The output was:
0
Microsoft (R) Build Engine versione 16.11.1+3e40a09f8 per .NET Framework
Copyright (C) Microsoft Corporation. Tutti i diritti sono riservati.

Compilazione avviata 15/11/2021 08:51:08.
Progetto "D:\Simone\Documents\UniTN\Project Course\torchscript-interpreter-wrapper\build\CMakeFiles\3.21.2\CompilerIdC\CompilerIdC.vcxproj" sul nodo 1 (destinazioni predefinite).
PrepareForBuild:
  Creazione directory "Debug\".
  Creazione directory "Debug\CompilerIdC.tlog\".
InitializeBuildStatus:
  Creazione di "Debug\CompilerIdC.tlog\unsuccessfulbuild". È stato specificato "AlwaysCreate".
ClCompile:
  D:\Program Files (x86)\Microsoft Visual Studio\2019\BuildTools\VC\Tools\MSVC\14.29.30133\bin\HostX64\x64\CL.exe /c /nologo /W0 /WX- /diagnostics:column /Od /D _MBCS /Gm- /EHsc /RTC1 /MDd /GS /fp:precise /Zc:wchar_t /Zc:forScope /Zc:inline /Fo"Debug\\" /Fd"Debug\vc142.pdb" /external:W0 /Gd /TC /FC /errorReport:queue CMakeCCompilerId.c
  CMakeCCompilerId.c
Link:
  D:\Program Files (x86)\Microsoft Visual Studio\2019\BuildTools\VC\Tools\MSVC\14.29.30133\bin\HostX64\x64\link.exe /ERRORREPORT:QUEUE /OUT:".\CompilerIdC.exe" /INCREMENTAL:NO /NOLOGO kernel32.lib user32.lib gdi32.lib winspool.lib comdlg32.lib advapi32.lib shell32.lib ole32.lib oleaut32.lib uuid.lib odbc32.lib odbccp32.lib /MANIFEST /MANIFESTUAC:"level='asInvoker' uiAccess='false'" /manifest:embed /PDB:".\CompilerIdC.pdb" /SUBSYSTEM:CONSOLE /TLBID:1 /DYNAMICBASE /NXCOMPAT /IMPLIB:".\CompilerIdC.lib" /MACHINE:X64 Debug\CMakeCCompilerId.obj
  CompilerIdC.vcxproj -> D:\Simone\Documents\UniTN\Project Course\torchscript-interpreter-wrapper\build\CMakeFiles\3.21.2\CompilerIdC\CompilerIdC.exe
PostBuildEvent:
  for %%i in (cl.exe) do @echo CMAKE_C_COMPILER=%%~$PATH:i
  :VCEnd
  CMAKE_C_COMPILER=D:\Program Files (x86)\Microsoft Visual Studio\2019\BuildTools\VC\Tools\MSVC\14.29.30133\bin\Hostx64\x64\cl.exe
FinalizeBuildStatus:
  Eliminazione del file "Debug\CompilerIdC.tlog\unsuccessfulbuild" in corso.
  Aggiornamento timestamp di "Debug\CompilerIdC.tlog\CompilerIdC.lastbuildstate".
Compilazione progetto "D:\Simone\Documents\UniTN\Project Course\torchscript-interpreter-wrapper\build\CMakeFiles\3.21.2\CompilerIdC\CompilerIdC.vcxproj" (destinazioni predefinite) completata.

Compilazione completata.
    Avvisi: 0
    Errori: 0

Tempo trascorso 00:00:01.36


Compilation of the C compiler identification source "CMakeCCompilerId.c" produced "CompilerIdC.exe"

Compilation of the C compiler identification source "CMakeCCompilerId.c" produced "CompilerIdC.vcxproj"

The C compiler identification is MSVC, found in "D:/Simone/Documents/UniTN/Project Course/torchscript-interpreter-wrapper/build/CMakeFiles/3.21.2/CompilerIdC/CompilerIdC.exe"

Compiling the CXX compiler identification source file "CMakeCXXCompilerId.cpp" succeeded.
Compiler:  
Build flags: 
Id flags:  

The output was:
0
Microsoft (R) Build Engine versione 16.11.1+3e40a09f8 per .NET Framework
Copyright (C) Microsoft Corporation. Tutti i diritti sono riservati.

Compilazione avviata 15/11/2021 08:51:10.
Progetto "D:\Simone\Documents\UniTN\Project Course\torchscript-interpreter-wrapper\build\CMakeFiles\3.21.2\CompilerIdCXX\CompilerIdCXX.vcxproj" sul nodo 1 (destinazioni predefinite).
PrepareForBuild:
  Creazione directory "Debug\".
  Creazione directory "Debug\CompilerIdCXX.tlog\".
InitializeBuildStatus:
  Creazione di "Debug\CompilerIdCXX.tlog\unsuccessfulbuild". È stato specificato "AlwaysCreate".
ClCompile:
  D:\Program Files (x86)\Microsoft Visual Studio\2019\BuildTools\VC\Tools\MSVC\14.29.30133\bin\HostX64\x64\CL.exe /c /nologo /W0 /WX- /diagnostics:column /Od /D _MBCS /Gm- /EHsc /RTC1 /MDd /GS /fp:precise /Zc:wchar_t /Zc:forScope /Zc:inline /Fo"Debug\\" /Fd"Debug\vc142.pdb" /external:W0 /Gd /TP /FC /errorReport:queue CMakeCXXCompilerId.cpp
  CMakeCXXCompilerId.cpp
Link:
  D:\Program Files (x86)\Microsoft Visual Studio\2019\BuildTools\VC\Tools\MSVC\14.29.30133\bin\HostX64\x64\link.exe /ERRORREPORT:QUEUE /OUT:".\CompilerIdCXX.exe" /INCREMENTAL:NO /NOLOGO kernel32.lib user32.lib gdi32.lib winspool.lib comdlg32.lib advapi32.lib shell32.lib ole32.lib oleaut32.lib uuid.lib odbc32.lib odbccp32.lib /MANIFEST /MANIFESTUAC:"level='asInvoker' uiAccess='false'" /manifest:embed /PDB:".\CompilerIdCXX.pdb" /SUBSYSTEM:CONSOLE /TLBID:1 /DYNAMICBASE /NXCOMPAT /IMPLIB:".\CompilerIdCXX.lib" /MACHINE:X64 Debug\CMakeCXXCompilerId.obj
  CompilerIdCXX.vcxproj -> D:\Simone\Documents\UniTN\Project Course\torchscript-interpreter-wrapper\build\CMakeFiles\3.21.2\CompilerIdCXX\CompilerIdCXX.exe
PostBuildEvent:
  for %%i in (cl.exe) do @echo CMAKE_CXX_COMPILER=%%~$PATH:i
  :VCEnd
  CMAKE_CXX_COMPILER=D:\Program Files (x86)\Microsoft Visual Studio\2019\BuildTools\VC\Tools\MSVC\14.29.30133\bin\Hostx64\x64\cl.exe
FinalizeBuildStatus:
  Eliminazione del file "Debug\CompilerIdCXX.tlog\unsuccessfulbuild" in corso.
  Aggiornamento timestamp di "Debug\CompilerIdCXX.tlog\CompilerIdCXX.lastbuildstate".
Compilazione progetto "D:\Simone\Documents\UniTN\Project Course\torchscript-interpreter-wrapper\build\CMakeFiles\3.21.2\CompilerIdCXX\CompilerIdCXX.vcxproj" (destinazioni predefinite) completata.

Compilazione completata.
    Avvisi: 0
    Errori: 0

Tempo trascorso 00:00:00.96


Compilation of the CXX compiler identification source "CMakeCXXCompilerId.cpp" produced "CompilerIdCXX.exe"

Compilation of the CXX compiler identification source "CMakeCXXCompilerId.cpp" produced "CompilerIdCXX.vcxproj"

The CXX compiler identification is MSVC, found in "D:/Simone/Documents/UniTN/Project Course/torchscript-interpreter-wrapper/build/CMakeFiles/3.21.2/CompilerIdCXX/CompilerIdCXX.exe"

Detecting C compiler ABI info compiled with the following output:
Change Dir: D:/Simone/Documents/UniTN/Project Course/torchscript-interpreter-wrapper/build/CMakeFiles/CMakeTmp

Run Build Command(s):D:/Program Files (x86)/Microsoft Visual Studio/2019/BuildTools/MSBuild/Current/Bin/MSBuild.exe cmTC_fa31c.vcxproj /p:Configuration=Debug /p:Platform=x64 /p:VisualStudioVersion=16.0 /v:m && Microsoft (R) Build Engine versione 16.11.1+3e40a09f8 per .NET Framework
Copyright (C) Microsoft Corporation. Tutti i diritti sono riservati.

  Microsoft (R) C/C++ Optimizing Compiler versione 19.29.30136 per x64
  Copyright (C) Microsoft Corporation. Tutti i diritti  sono riservati.
  cl /c /Zi /W3 /WX- /diagnostics:column /Od /Ob0 /D _MBCS /D WIN32 /D _WINDOWS /D "CMAKE_INTDIR=\"Debug\"" /Gm- /RTC1 /MDd /GS /fp:precise /Zc:wchar_t /Zc:forScope /Zc:inline /Fo"cmTC_fa31c.dir\Debug\\" /Fd"cmTC_fa31c.dir\Debug\vc142.pdb" /external:W3 /Gd /TC /errorReport:queue "D:\Program Files\CMake\share\cmake-3.21\Modules\CMakeCCompilerABI.c"
  CMakeCCompilerABI.c
  cmTC_fa31c.vcxproj -> D:\Simone\Documents\UniTN\Project Course\torchscript-interpreter-wrapper\build\CMakeFiles\CMakeTmp\Debug\cmTC_fa31c.exe



Detecting CXX compiler ABI info compiled with the following output:
Change Dir: D:/Simone/Documents/UniTN/Project Course/torchscript-interpreter-wrapper/build/CMakeFiles/CMakeTmp

Run Build Command(s):D:/Program Files (x86)/Microsoft Visual Studio/2019/BuildTools/MSBuild/Current/Bin/MSBuild.exe cmTC_7523a.vcxproj /p:Configuration=Debug /p:Platform=x64 /p:VisualStudioVersion=16.0 /v:m && Microsoft (R) Build Engine versione 16.11.1+3e40a09f8 per .NET Framework
Copyright (C) Microsoft Corporation. Tutti i diritti sono riservati.

  Microsoft (R) C/C++ Optimizing Compiler versione 19.29.30136 per x64
  Copyright (C) Microsoft Corporation. Tutti i diritti  sono riservati.
  CMakeCXXCompilerABI.cpp
  cl /c /Zi /W3 /WX- /diagnostics:column /Od /Ob0 /D _MBCS /D WIN32 /D _WINDOWS /D "CMAKE_INTDIR=\"Debug\"" /Gm- /EHsc /RTC1 /MDd /GS /fp:precise /Zc:wchar_t /Zc:forScope /Zc:inline /GR /Fo"cmTC_7523a.dir\Debug\\" /Fd"cmTC_7523a.dir\Debug\vc142.pdb" /external:W3 /Gd /TP /errorReport:queue "D:\Program Files\CMake\share\cmake-3.21\Modules\CMakeCXXCompilerABI.cpp"
  cmTC_7523a.vcxproj -> D:\Simone\Documents\UniTN\Project Course\torchscript-interpreter-wrapper\build\CMakeFiles\CMakeTmp\Debug\cmTC_7523a.exe



